<?xml version="1.0" encoding="UTF-8"?>
<!-- Generated by org.testng.reporters.JUnitXMLReporter -->
<testsuite ignored="0" hostname="ATMECSINLT-038" failures="0" tests="5" name="Default test" time="23.15" errors="0" timestamp="06 Nov 2019 12:32:55 GMT">
  <testcase classname="com.atmecs.ToolsninjaAutomation.DynamicXmlCreation.UpdateXml" name="runTestFile" time="22.057"/>
  <testcase classname="com.atmecs.ToolsninjaAutomation.DynamicXmlCreation.UpdateXml" name="runTestFile" time="0.0"/>
  <testcase classname="com.atmecs.ToolsninjaAutomation.DynamicXmlCreation.UpdateXml" name="runTestFile" time="0.0"/>
  <testcase classname="com.atmecs.ToolsninjaAutomation.DynamicXmlCreation.UpdateXml" name="runTestFile" time="0.0"/>
  <testcase classname="com.atmecs.ToolsninjaAutomation.DynamicXmlCreation.UpdateXml" name="runTestFile" time="0.0"/>
</testsuite> <!-- Default test -->
